  MyForm.cpp
H:\ali tool\ali_tool\ali_tool\MyForm.h(1337,55): warning C4244: '=': conversion from 'double' to '_Tp', possible loss of data
          with
          [
              _Tp=uchar
          ]
H:\ali tool\ali_tool\ali_tool\MyForm.h(1373,59): warning C4244: 'argument': conversion from 'int' to '_Tp', possible loss of data
          with
          [
              _Tp=float
          ]
H:\ali tool\ali_tool\ali_tool\MyForm.h(1373,46): warning C4244: 'argument': conversion from 'int' to '_Tp', possible loss of data
          with
          [
              _Tp=float
          ]
H:\ali tool\ali_tool\ali_tool\MyForm.h(1467,10): warning C4244: 'initializing': conversion from 'double' to 'float', possible loss of data
H:\ali tool\ali_tool\ali_tool\MyForm.h(1742,26): warning C4244: 'argument': conversion from 'int' to '_Tp', possible loss of data
          with
          [
              _Tp=float
          ]
H:\ali tool\ali_tool\ali_tool\MyForm.h(1742,21): warning C4244: 'argument': conversion from 'int' to '_Tp', possible loss of data
          with
          [
              _Tp=float
          ]
H:\ali tool\ali_tool\ali_tool\MyForm.h(1743,38): warning C4244: 'argument': conversion from 'int' to '_Tp', possible loss of data
          with
          [
              _Tp=float
          ]
H:\ali tool\ali_tool\ali_tool\MyForm.h(1743,30): warning C4244: 'argument': conversion from 'int' to '_Tp', possible loss of data
          with
          [
              _Tp=float
          ]
H:\ali tool\ali_tool\ali_tool\MyForm.h(1744,36): warning C4244: 'argument': conversion from 'int' to '_Tp', possible loss of data
          with
          [
              _Tp=float
          ]
H:\ali tool\ali_tool\ali_tool\MyForm.h(1744,21): warning C4244: 'argument': conversion from 'int' to '_Tp', possible loss of data
          with
          [
              _Tp=float
          ]
H:\ali tool\ali_tool\ali_tool\MyForm.h(1747,30): warning C4244: 'argument': conversion from 'int' to '_Tp', possible loss of data
          with
          [
              _Tp=float
          ]
H:\ali tool\ali_tool\ali_tool\MyForm.h(1748,33): warning C4244: 'argument': conversion from 'int' to '_Tp', possible loss of data
          with
          [
              _Tp=float
          ]
H:\ali tool\ali_tool\ali_tool\MyForm.h(1825,3): warning C4551: function call missing argument list
H:\ali tool\ali_tool\ali_tool\MyForm.cpp(6,33): warning C4829: Possibly incorrect parameters to function main. Consider 'int main(Platform::Array<Platform::String^>^ argv)'
C:\opencv\build\include\opencv2\core\cvstd.hpp(575): warning C4793: 'cv::String::String': function compiled as native:
  	Found an intrinsic not supported in managed code
C:\opencv\build\include\opencv2\core\cuda.inl.hpp(105): warning C4793: 'cv::cuda::GpuMat::GpuMat': function compiled as native:
  	Found an intrinsic not supported in managed code
C:\opencv\build\include\opencv2\core\cuda.inl.hpp(395): warning C4793: 'cv::cuda::HostMem::HostMem': function compiled as native:
  	Found an intrinsic not supported in managed code
C:\opencv\build\include\opencv2\core\mat.inl.hpp(482): warning C4793: 'cv::Mat::Mat': function compiled as native:
  	Found an intrinsic not supported in managed code
C:\opencv\build\include\opencv2\core\mat.inl.hpp(815): warning C4793: 'cv::Mat::release': function compiled as native:
  	Found an intrinsic not supported in managed code
C:\opencv\build\include\opencv2\core\mat.inl.hpp(2135): warning C4793: 'cv::SparseMat::addref': function compiled as native:
  	Found an intrinsic not supported in managed code
C:\opencv\build\include\opencv2\core\mat.inl.hpp(3735): warning C4793: 'cv::UMat::addref': function compiled as native:
  	Found an intrinsic not supported in managed code
C:\opencv\build\include\opencv2\core\ptr.inl.hpp(67): warning C4793: 'cv::detail::PtrOwner::incRef': function compiled as native:
  	Found an intrinsic not supported in managed code
C:\opencv\build\include\opencv2\core\ptr.inl.hpp(72): warning C4793: 'cv::detail::PtrOwner::decRef': function compiled as native:
  	Found an intrinsic not supported in managed code
C:\opencv\build\include\opencv2\core\fast_math.hpp(105): warning C4793: '`anonymous namespace'::cvRound': function compiled as native:
  	Found an intrinsic not supported in managed code
C:\opencv\build\include\opencv2\core\fast_math.hpp(106): warning C4793: '`anonymous namespace'::cvRound': function compiled as native:
  	Found an intrinsic not supported in managed code
C:\opencv\build\include\opencv2\core\fast_math.hpp(193): warning C4793: '`anonymous namespace'::cvRound': function compiled as native:
  	Found an intrinsic not supported in managed code
C:\opencv\build\include\opencv2\core\fast_math.hpp(194): warning C4793: '`anonymous namespace'::cvRound': function compiled as native:
  	Found an intrinsic not supported in managed code
C:\opencv\build\include\opencv2\core\cvstd.hpp(657): warning C4793: 'cv::String::operator=': function compiled as native:
  	Found an intrinsic not supported in managed code
C:\opencv\build\include\opencv2\core\mat.inl.hpp(713): warning C4793: 'cv::Mat::operator=': function compiled as native:
  	Found an intrinsic not supported in managed code
  MyForm.obj : MSIL module encountered; incremental linking is disabled for MSIL; performing full link
  ali_tool.vcxproj -> H:\ali tool\ali_tool\x64\Debug\ali_tool.exe
